[0m16:40:16.331825 [debug] [MainThread]: Sending event: {'category': 'dbt', 'action': 'invocation', 'label': 'start', 'context': [<snowplow_tracker.self_describing_json.SelfDescribingJson object at 0xffff883b25d0>, <snowplow_tracker.self_describing_json.SelfDescribingJson object at 0xffff8abbc7d0>, <snowplow_tracker.self_describing_json.SelfDescribingJson object at 0xffff888d5d90>]}


============================== 16:40:16.336428 | f6d7bd60-f250-4346-85c3-81a2fc994253 ==============================
[0m16:40:16.336428 [info ] [MainThread]: Running with dbt=1.11.2
[0m16:40:16.336753 [debug] [MainThread]: running dbt with arguments {'debug': 'False', 'printer_width': '80', 'profiles_dir': '/home/vscode/.dbt', 'empty': 'None', 'fail_fast': 'False', 'use_colors': 'True', 'cache_selected_only': 'False', 'warn_error_options': 'WarnErrorOptionsV2(error=[], warn=[], silence=[])', 'log_cache_events': 'False', 'introspect': 'True', 'indirect_selection': 'eager', 'target_path': 'None', 'invocation_command': 'dbt init', 'use_experimental_parser': 'False', 'warn_error': 'None', 'partial_parse': 'True', 'static_parser': 'True', 'no_print': 'None', 'log_path': 'logs', 'version_check': 'True', 'log_format': 'default', 'write_json': 'True', 'send_anonymous_usage_stats': 'True', 'quiet': 'False'}
[0m16:40:16.341395 [info ] [MainThread]: Creating dbt configuration folder at /home/vscode/.dbt
[0m16:40:33.160590 [debug] [MainThread]: Starter project path: /home/vscode/.local/lib/python3.12/site-packages/dbt/include/starter_project
[0m16:40:33.183182 [info ] [MainThread]: 
Your new dbt project "Snowflake_Intro" was created!

For more information on how to configure the profiles.yml file,
please consult the dbt documentation here:

  https://docs.getdbt.com/docs/configure-your-profile

One more thing:

Need help? Don't hesitate to reach out to us via GitHub issues or on Slack:

  https://community.getdbt.com/

Happy modeling!

[0m16:40:33.183635 [info ] [MainThread]: Setting up your profile.
[0m16:40:38.231488 [debug] [MainThread]: Snowflake adapter: Setting snowflake.connector to ERROR (file logging only)
[0m16:40:38.231941 [debug] [MainThread]: Snowflake adapter: Setting botocore to ERROR (file logging only)
[0m16:40:38.232267 [debug] [MainThread]: Snowflake adapter: Setting boto3 to ERROR (file logging only)
[0m16:45:07.370417 [info ] [MainThread]: Profile Snowflake_Intro written to /home/vscode/.dbt/profiles.yml using target's profile_template.yml and your supplied values. Run 'dbt debug' to validate the connection.
[0m16:45:07.383135 [debug] [MainThread]: Resource report: {"command_name": "init", "command_success": true, "command_wall_clock_time": 291.07013, "process_in_blocks": "6576", "process_kernel_time": 0.18037, "process_mem_max_rss": "148752", "process_out_blocks": "21", "process_user_time": 1.104391}
[0m16:45:07.387210 [debug] [MainThread]: Command `dbt init` succeeded at 16:45:07.386993 after 291.08 seconds
[0m16:45:07.388443 [debug] [MainThread]: Sending event: {'category': 'dbt', 'action': 'invocation', 'label': 'end', 'context': [<snowplow_tracker.self_describing_json.SelfDescribingJson object at 0xffff883481a0>, <snowplow_tracker.self_describing_json.SelfDescribingJson object at 0xffff86bd1df0>, <snowplow_tracker.self_describing_json.SelfDescribingJson object at 0xffff888d5d90>]}
[0m16:45:07.389184 [debug] [MainThread]: Flushing usage events
[0m16:45:07.688639 [debug] [MainThread]: An error was encountered while trying to flush usage events
[0m16:45:19.823397 [debug] [MainThread]: Sending event: {'category': 'dbt', 'action': 'invocation', 'label': 'start', 'context': [<snowplow_tracker.self_describing_json.SelfDescribingJson object at 0xfffface52210>, <snowplow_tracker.self_describing_json.SelfDescribingJson object at 0xffffac51d6d0>, <snowplow_tracker.self_describing_json.SelfDescribingJson object at 0xffffac51e060>]}


============================== 16:45:19.827262 | 43b9e47c-f6ca-4490-b5be-c550be8a37e4 ==============================
[0m16:45:19.827262 [info ] [MainThread]: Running with dbt=1.11.2
[0m16:45:19.827732 [debug] [MainThread]: running dbt with arguments {'fail_fast': 'False', 'printer_width': '80', 'write_json': 'True', 'warn_error_options': 'WarnErrorOptionsV2(error=[], warn=[], silence=[])', 'static_parser': 'True', 'invocation_command': 'dbt debug', 'target_path': 'None', 'log_cache_events': 'False', 'warn_error': 'None', 'use_experimental_parser': 'False', 'quiet': 'False', 'partial_parse': 'True', 'use_colors': 'True', 'log_format': 'default', 'cache_selected_only': 'False', 'no_print': 'None', 'introspect': 'True', 'indirect_selection': 'eager', 'log_path': 'logs', 'profiles_dir': '/home/vscode/.dbt', 'version_check': 'True', 'send_anonymous_usage_stats': 'True', 'debug': 'False', 'empty': 'None'}
[0m16:45:19.832330 [info ] [MainThread]: dbt version: 1.11.2
[0m16:45:19.832564 [info ] [MainThread]: python version: 3.12.12
[0m16:45:19.832808 [info ] [MainThread]: python path: /usr/local/bin/python3.12
[0m16:45:19.833050 [info ] [MainThread]: os info: Linux-6.10.14-linuxkit-aarch64-with-glibc2.41
[0m16:45:19.967473 [debug] [MainThread]: Snowflake adapter: Setting snowflake.connector to ERROR (file logging only)
[0m16:45:19.967869 [debug] [MainThread]: Snowflake adapter: Setting botocore to ERROR (file logging only)
[0m16:45:19.968133 [debug] [MainThread]: Snowflake adapter: Setting boto3 to ERROR (file logging only)
[0m16:45:19.994496 [info ] [MainThread]: Using profiles dir at /home/vscode/.dbt
[0m16:45:19.994867 [info ] [MainThread]: Using profiles.yml file at /home/vscode/.dbt/profiles.yml
[0m16:45:19.995093 [info ] [MainThread]: Using dbt_project.yml file at /workspaces/app/Snowflake/dbt_project.yml
[0m16:45:19.995469 [info ] [MainThread]: adapter type: snowflake
[0m16:45:19.995661 [info ] [MainThread]: adapter version: 1.11.1
[0m16:45:19.995921 [info ] [MainThread]: Configuration:
[0m16:45:19.996099 [info ] [MainThread]:   profiles.yml file [[32mOK found and valid[0m]
[0m16:45:19.996292 [info ] [MainThread]:   dbt_project.yml file [[31mERROR not found[0m]
[0m16:45:19.996497 [info ] [MainThread]: Required dependencies:
[0m16:45:19.996727 [debug] [MainThread]: Executing "git --help"
[0m16:45:19.998523 [debug] [MainThread]: STDOUT: "b"usage: git [-v | --version] [-h | --help] [-C <path>] [-c <name>=<value>]\n           [--exec-path[=<path>]] [--html-path] [--man-path] [--info-path]\n           [-p | --paginate | -P | --no-pager] [--no-replace-objects] [--no-lazy-fetch]\n           [--no-optional-locks] [--no-advice] [--bare] [--git-dir=<path>]\n           [--work-tree=<path>] [--namespace=<name>] [--config-env=<name>=<envvar>]\n           <command> [<args>]\n\nThese are common Git commands used in various situations:\n\nstart a working area (see also: git help tutorial)\n   clone      Clone a repository into a new directory\n   init       Create an empty Git repository or reinitialize an existing one\n\nwork on the current change (see also: git help everyday)\n   add        Add file contents to the index\n   mv         Move or rename a file, a directory, or a symlink\n   restore    Restore working tree files\n   rm         Remove files from the working tree and from the index\n\nexamine the history and state (see also: git help revisions)\n   bisect     Use binary search to find the commit that introduced a bug\n   diff       Show changes between commits, commit and working tree, etc\n   grep       Print lines matching a pattern\n   log        Show commit logs\n   show       Show various types of objects\n   status     Show the working tree status\n\ngrow, mark and tweak your common history\n   backfill   Download missing objects in a partial clone\n   branch     List, create, or delete branches\n   commit     Record changes to the repository\n   merge      Join two or more development histories together\n   rebase     Reapply commits on top of another base tip\n   reset      Reset current HEAD to the specified state\n   switch     Switch branches\n   tag        Create, list, delete or verify tags\n\ncollaborate (see also: git help workflows)\n   fetch      Download objects and refs from another repository\n   pull       Fetch from and integrate with another repository or a local branch\n   push       Update remote refs along with associated objects\n\n'git help -a' and 'git help -g' list available subcommands and some\nconcept guides. See 'git help <command>' or 'git help <concept>'\nto read about a specific subcommand or concept.\nSee 'git help git' for an overview of the system.\n""
[0m16:45:19.998808 [debug] [MainThread]: STDERR: "b''"
[0m16:45:19.999005 [info ] [MainThread]:  - git [[32mOK found[0m]

[0m16:45:19.999183 [info ] [MainThread]: Connection:
[0m16:45:19.999387 [info ] [MainThread]:   account: JZISZMZ-PE73663.snowflakecomputing.com
[0m16:45:19.999548 [info ] [MainThread]:   user: dbt_user
[0m16:45:19.999730 [info ] [MainThread]:   database: dbt_db
[0m16:45:19.999936 [info ] [MainThread]:   warehouse: dbt_wh
[0m16:45:20.000147 [info ] [MainThread]:   role: dbt_role
[0m16:45:20.000334 [info ] [MainThread]:   schema: public
[0m16:45:20.000489 [info ] [MainThread]:   authenticator: None
[0m16:45:20.000646 [info ] [MainThread]:   oauth_client_id: None
[0m16:45:20.000835 [info ] [MainThread]:   query_tag: None
[0m16:45:20.001004 [info ] [MainThread]:   client_session_keep_alive: False
[0m16:45:20.001158 [info ] [MainThread]:   host: None
[0m16:45:20.001314 [info ] [MainThread]:   port: None
[0m16:45:20.001460 [info ] [MainThread]:   proxy_host: None
[0m16:45:20.001637 [info ] [MainThread]:   proxy_port: None
[0m16:45:20.001823 [info ] [MainThread]:   protocol: None
[0m16:45:20.002006 [info ] [MainThread]:   connect_retries: 1
[0m16:45:20.002216 [info ] [MainThread]:   connect_timeout: None
[0m16:45:20.002388 [info ] [MainThread]:   retry_on_database_errors: False
[0m16:45:20.002579 [info ] [MainThread]:   retry_all: False
[0m16:45:20.002813 [info ] [MainThread]:   insecure_mode: False
[0m16:45:20.003019 [info ] [MainThread]:   reuse_connections: True
[0m16:45:20.003224 [info ] [MainThread]:   s3_stage_vpce_dns_name: None
[0m16:45:20.003432 [info ] [MainThread]:   platform_detection_timeout_seconds: 0.0
[0m16:45:20.003731 [info ] [MainThread]: Registered adapter: snowflake=1.11.1
[0m16:45:20.041590 [debug] [MainThread]: Acquiring new snowflake connection 'debug'
[0m16:45:20.054230 [debug] [MainThread]: Using snowflake connection "debug"
[0m16:45:20.054806 [debug] [MainThread]: On debug: select 1 as id
[0m16:45:20.055431 [debug] [MainThread]: Opening a new connection, currently in state init
[0m16:45:21.219005 [debug] [MainThread]: Snowflake adapter: Error running SQL: select 1 as id
[0m16:45:21.219947 [debug] [MainThread]: Snowflake adapter: Rolling back transaction.
[0m16:45:21.222225 [info ] [MainThread]:   Connection test: [[31mERROR[0m]

[0m16:45:21.223157 [info ] [MainThread]: [31m2 checks failed:[0m
[0m16:45:21.224022 [info ] [MainThread]: Project loading failed for the following reason:
 project path </workspaces/app/Snowflake/dbt_project.yml> not found

[0m16:45:21.224746 [info ] [MainThread]: dbt was unable to connect to the specified database.
The database returned the following error:

  >Database Error
  290404 (08001): 404 Not Found: post JZISZMZ-PE73663.snowflakecomputing.com.snowflakecomputing.com:443/session/v1/login-request

Check your database credentials and try again. For more information, visit:
https://docs.getdbt.com/docs/configure-your-profile


[0m16:45:21.226964 [debug] [MainThread]: Resource report: {"command_name": "debug", "command_success": false, "command_wall_clock_time": 1.4270927, "process_in_blocks": "0", "process_kernel_time": 0.191708, "process_mem_max_rss": "164476", "process_out_blocks": "2735", "process_user_time": 1.186577}
[0m16:45:21.227516 [debug] [MainThread]: Command `dbt debug` failed at 16:45:21.227428 after 1.43 seconds
[0m16:45:21.227790 [debug] [MainThread]: Connection 'debug' was left open.
[0m16:45:21.228043 [debug] [MainThread]: On debug: No close available on handle
[0m16:45:21.228385 [debug] [MainThread]: Sending event: {'category': 'dbt', 'action': 'invocation', 'label': 'end', 'context': [<snowplow_tracker.self_describing_json.SelfDescribingJson object at 0xffffac2f9100>, <snowplow_tracker.self_describing_json.SelfDescribingJson object at 0xffffa5d42ed0>, <snowplow_tracker.self_describing_json.SelfDescribingJson object at 0xffffaeb200e0>]}
[0m16:45:21.228738 [debug] [MainThread]: Flushing usage events
[0m16:45:21.363431 [debug] [MainThread]: An error was encountered while trying to flush usage events
